<?xml version="1.0" encoding="UTF-8"?>
<!-- Generated by org.testng.reporters.JUnitReportReporter -->
<testsuite skipped="0" hostname="Dell-PC" name="com.mercury.qa.test.LoginTest" tests="3" failures="0" timestamp="15 Jul 2019 18:22:26 GMT" time="26.997" errors="0">
  <testcase name="loginpagetitle" time="8.114" classname="com.mercury.qa.test.LoginTest"/>
  <testcase name="Logoimgtest" time="9.638" classname="com.mercury.qa.test.LoginTest"/>
  <testcase name="logintest" time="9.245" classname="com.mercury.qa.test.LoginTest"/>
</testsuite> <!-- com.mercury.qa.test.LoginTest -->
