<?xml version="1.0" encoding="UTF-8"?>
<!-- Generated by org.testng.reporters.JUnitReportReporter -->
<testsuite skipped="0" hostname="Dell-PC" name="com.mercury.qa.test.FFPTest" tests="1" failures="0" timestamp="08 Jul 2019 16:58:04 GMT" time="12.768" errors="0">
  <testcase name="FFPageTesting" time="12.768" classname="com.mercury.qa.test.FFPTest"/>
</testsuite> <!-- com.mercury.qa.test.FFPTest -->
