<?xml version="1.0" encoding="UTF-8"?>
<!-- Generated by org.testng.reporters.JUnitReportReporter -->
<testsuite skipped="1" hostname="Dell-PC" name="com.mercury.qa.test.Data" tests="1" failures="0" timestamp="15 Jul 2019 18:44:43 GMT" time="0.000" errors="0">
  <testcase name="intiali" time="0.000" classname="com.mercury.qa.test.Data">
    <skipped/>
  </testcase> <!-- intiali -->
</testsuite> <!-- com.mercury.qa.test.Data -->
