<?xml version="1.0" encoding="UTF-8"?>
<!-- Generated by org.testng.reporters.JUnitReportReporter -->
<testsuite skipped="0" hostname="Dell-PC" name="com.mercury.qa.test.newclass" tests="1" failures="0" timestamp="15 Jul 2019 19:27:00 GMT" time="9.004" errors="0">
  <testcase name="intiali" time="9.004" classname="com.mercury.qa.test.newclass"/>
</testsuite> <!-- com.mercury.qa.test.newclass -->
